  [4;36;1mSQL (0.7ms)[0m   [0;1m SELECT name
 FROM sqlite_master
 WHERE type = 'table' AND NOT name = 'sqlite_sequence'
[0m
  [4;35;1mSQL (0.3ms)[0m   [0mselect sqlite_version(*)[0m
  [4;36;1mSQL (1.8ms)[0m   [0;1mCREATE TABLE "schema_migrations" ("version" varchar(255) NOT NULL) [0m
  [4;35;1mSQL (1.6ms)[0m   [0mCREATE UNIQUE INDEX "unique_schema_migrations" ON "schema_migrations" ("version")[0m
  [4;36;1mSQL (0.2ms)[0m   [0;1m SELECT name
 FROM sqlite_master
 WHERE type = 'table' AND NOT name = 'sqlite_sequence'
[0m
  [4;35;1mSQL (0.1ms)[0m   [0mSELECT version FROM schema_migrations[0m
Migrating to CreateNurseries (20090710011352)
  [4;36;1mSQL (0.9ms)[0m   [0;1mCREATE TABLE "nurseries" ("id" INTEGER PRIMARY KEY AUTOINCREMENT NOT NULL, "cuentaConActa" varchar(255), "fechaFinSuspension" varchar(255), "nombreRz1" varchar(255), "causasSuspension" varchar(255), "fechaActualizacion" varchar(255), "inicioEsquema4" varchar(255), "sentidoDictamen" varchar(255), "inicioFechaInicio3" varchar(255), "ecRepresentanteLegal" varchar(255), "inicioCveGuarderia2" varchar(255), "inicioEsquema2" varchar(255), "inicioEsquema1" varchar(255), "uid" varchar(255), "fechaProbableVerificacion" varchar(255), "nombreRz" varchar(255), "directora" varchar(255), "inscritos" varchar(255), "ecmSocios" varchar(255), "inicioEsquema3" varchar(255), "identificador" varchar(255), "ecmRepresentanteLegal" varchar(255), "nombreRz2" varchar(255), "capacidad" varchar(255), "razonSocialCompleta" varchar(255), "detalle_sociosOrigFundPrestServ" varchar(255), "detalle_repreLegalOriginarioPrestServ" varchar(255), "detalle_inicioOperacion" varchar(255), "detalle_vigenciaTermino" varchar(255), "detalle_vigenciaInicio" varchar(255), "detalle_sociosPrestServicio" varchar(255), "detalle_repreLegalPrestServicios" varchar(255), "detalle_capacidadInstalada" varchar(255), "detalle_esquemaContratacion" varchar(255), "detalle_cuotaUnitaria" varchar(255), "detalle_repreLegalIMSS" varchar(255), "detalle_prestadorServicios" varchar(255), "detalle_areaAdminRespContrato" varchar(255), "detalle_areaSolicitanteContrat" varchar(255), "detalle_directora" varchar(255), "inicioCveGuarderia3" varchar(255), "fechaUltimaVerificacion" varchar(255), "fechaCierre" varchar(255), "domicilio" varchar(255), "inicioFechaInicio2" varchar(255), "status" varchar(255), "inicioFechaInicio4" varchar(255), "localidad" varchar(255), "inicioCveGuarderia1" varchar(255), "ecSocios" varchar(255), "decision" varchar(255), "carga" varchar(255), "inicioCveGuarderia4" varchar(255), "fechaInicioSuspension" varchar(255), "resultadosVerificacion" varchar(255), "inicioFechaInicio1" varchar(255), "reubicar" varchar(255), "delegacion" varchar(255), "comentariosDelegado" varchar(255), "usuarioActualizacion" varchar(255), "locality_id" integer, "created_at" datetime, "updated_at" datetime) [0m
  [4;35;1mSQL (0.2ms)[0m   [0mINSERT INTO schema_migrations (version) VALUES ('20090710011352')[0m
Migrating to CreateRegions (20090710011424)
  [4;36;1mSQL (0.5ms)[0m   [0;1mCREATE TABLE "regions" ("id" INTEGER PRIMARY KEY AUTOINCREMENT NOT NULL, "name" varchar(255), "created_at" datetime, "updated_at" datetime) [0m
  [4;35;1mSQL (0.1ms)[0m   [0mINSERT INTO schema_migrations (version) VALUES ('20090710011424')[0m
Migrating to CreateLocalities (20090710011547)
  [4;36;1mSQL (0.6ms)[0m   [0;1mCREATE TABLE "localities" ("id" INTEGER PRIMARY KEY AUTOINCREMENT NOT NULL, "name" varchar(255), "region_id" integer, "created_at" datetime, "updated_at" datetime) [0m
  [4;35;1mSQL (0.1ms)[0m   [0mINSERT INTO schema_migrations (version) VALUES ('20090710011547')[0m
  [4;36;1mSQL (0.4ms)[0m   [0;1m SELECT name
 FROM sqlite_master
 WHERE type = 'table' AND NOT name = 'sqlite_sequence'
[0m
  [4;35;1mSQL (0.2ms)[0m   [0mSELECT version FROM schema_migrations[0m
  [4;36;1mSQL (0.2ms)[0m   [0;1m SELECT name
 FROM sqlite_master
 WHERE type = 'table' AND NOT name = 'sqlite_sequence'
[0m
  [4;35;1mSQL (0.0ms)[0m   [0mPRAGMA index_list("localities")[0m
  [4;36;1mSQL (0.1ms)[0m   [0;1mPRAGMA index_list("nurseries")[0m
  [4;35;1mSQL (0.0ms)[0m   [0mPRAGMA index_list("regions")[0m
  [4;36;1mSQL (12.7ms)[0m   [0;1mSET SQL_AUTO_IS_NULL=0[0m
  [4;35;1mSQL (244.4ms)[0m   [0mSHOW TABLES[0m
  [4;36;1mSQL (1055.8ms)[0m   [0;1mCREATE TABLE `schema_migrations` (`version` varchar(255) NOT NULL) ENGINE=InnoDB[0m
  [4;35;1mSQL (416.7ms)[0m   [0mCREATE UNIQUE INDEX `unique_schema_migrations` ON `schema_migrations` (`version`)[0m
  [4;36;1mSQL (0.4ms)[0m   [0;1mSHOW TABLES[0m
  [4;35;1mSQL (16.7ms)[0m   [0mSELECT version FROM schema_migrations[0m
Migrating to CreateNurseries (20090710011352)
  [4;36;1mSQL (378.9ms)[0m   [0;1mCREATE TABLE `nurseries` (`id` int(11) DEFAULT NULL auto_increment PRIMARY KEY, `cuentaConActa` varchar(255), `fechaFinSuspension` varchar(255), `nombreRz1` varchar(255), `causasSuspension` varchar(255), `fechaActualizacion` varchar(255), `inicioEsquema4` varchar(255), `sentidoDictamen` varchar(255), `inicioFechaInicio3` varchar(255), `ecRepresentanteLegal` varchar(255), `inicioCveGuarderia2` varchar(255), `inicioEsquema2` varchar(255), `inicioEsquema1` varchar(255), `uid` varchar(255), `fechaProbableVerificacion` varchar(255), `nombreRz` varchar(255), `directora` varchar(255), `inscritos` varchar(255), `ecmSocios` varchar(255), `inicioEsquema3` varchar(255), `identificador` varchar(255), `ecmRepresentanteLegal` varchar(255), `nombreRz2` varchar(255), `capacidad` varchar(255), `razonSocialCompleta` varchar(255), `detalle_sociosOrigFundPrestServ` varchar(255), `detalle_repreLegalOriginarioPrestServ` varchar(255), `detalle_inicioOperacion` varchar(255), `detalle_vigenciaTermino` varchar(255), `detalle_vigenciaInicio` varchar(255), `detalle_sociosPrestServicio` varchar(255), `detalle_repreLegalPrestServicios` varchar(255), `detalle_capacidadInstalada` varchar(255), `detalle_esquemaContratacion` varchar(255), `detalle_cuotaUnitaria` varchar(255), `detalle_repreLegalIMSS` varchar(255), `detalle_prestadorServicios` varchar(255), `detalle_areaAdminRespContrato` varchar(255), `detalle_areaSolicitanteContrat` varchar(255), `detalle_directora` varchar(255), `inicioCveGuarderia3` varchar(255), `fechaUltimaVerificacion` varchar(255), `fechaCierre` varchar(255), `domicilio` varchar(255), `inicioFechaInicio2` varchar(255), `status` varchar(255), `inicioFechaInicio4` varchar(255), `localidad` varchar(255), `inicioCveGuarderia1` varchar(255), `ecSocios` varchar(255), `decision` varchar(255), `carga` varchar(255), `inicioCveGuarderia4` varchar(255), `fechaInicioSuspension` varchar(255), `resultadosVerificacion` varchar(255), `inicioFechaInicio1` varchar(255), `reubicar` varchar(255), `delegacion` varchar(255), `comentariosDelegado` varchar(255), `usuarioActualizacion` varchar(255), `locality_id` int(11), `created_at` datetime, `updated_at` datetime) ENGINE=InnoDB[0m
  [4;35;1mSQL (65.0ms)[0m   [0mINSERT INTO schema_migrations (version) VALUES ('20090710011352')[0m
Migrating to CreateRegions (20090710011424)
  [4;36;1mSQL (210.8ms)[0m   [0;1mCREATE TABLE `regions` (`id` int(11) DEFAULT NULL auto_increment PRIMARY KEY, `name` varchar(255), `created_at` datetime, `updated_at` datetime) ENGINE=InnoDB[0m
  [4;35;1mSQL (0.7ms)[0m   [0mINSERT INTO schema_migrations (version) VALUES ('20090710011424')[0m
Migrating to CreateLocalities (20090710011547)
  [4;36;1mSQL (144.1ms)[0m   [0;1mCREATE TABLE `localities` (`id` int(11) DEFAULT NULL auto_increment PRIMARY KEY, `name` varchar(255), `region_id` int(11), `created_at` datetime, `updated_at` datetime) ENGINE=InnoDB[0m
  [4;35;1mSQL (0.7ms)[0m   [0mINSERT INTO schema_migrations (version) VALUES ('20090710011547')[0m
  [4;36;1mSQL (7.5ms)[0m   [0;1mSHOW TABLES[0m
  [4;35;1mSQL (0.3ms)[0m   [0mSELECT version FROM schema_migrations[0m
  [4;36;1mSQL (0.6ms)[0m   [0;1mSHOW TABLES[0m
  [4;35;1mSQL (124.4ms)[0m   [0mSHOW FIELDS FROM `localities`[0m
  [4;36;1mSQL (41.3ms)[0m   [0;1mdescribe `localities`[0m
  [4;35;1mSQL (1.6ms)[0m   [0mSHOW KEYS FROM `localities`[0m
  [4;36;1mSQL (19.2ms)[0m   [0;1mSHOW FIELDS FROM `nurseries`[0m
  [4;35;1mSQL (7.9ms)[0m   [0mdescribe `nurseries`[0m
  [4;36;1mSQL (4.5ms)[0m   [0;1mSHOW KEYS FROM `nurseries`[0m
  [4;35;1mSQL (1.9ms)[0m   [0mSHOW FIELDS FROM `regions`[0m
  [4;36;1mSQL (2.1ms)[0m   [0;1mdescribe `regions`[0m
  [4;35;1mSQL (0.6ms)[0m   [0mSHOW KEYS FROM `regions`[0m
